<?xml version="1.0" encoding="UTF-8"?>
<!-- Generated by org.testng.reporters.JUnitReportReporter -->
<testsuite hostname="F-723" name="com.globusfashion.test.GlobusHomeTest" tests="1" failures="0" timestamp="23 Jan 2017 09:16:49 GMT" time="46.124" errors="0">
  <testcase name="testHome" time="46.124" classname="com.globusfashion.test.GlobusHomeTest"/>
</testsuite> <!-- com.globusfashion.test.GlobusHomeTest -->
